VXGMobileSDK.Android/MediaSDK/EncoderSDK/src/MediaStreamServiceTest/app/build/intermediates/manifest_merge_blame_file/debug/manifest-merger-blame-debug-report.txt
1<?xml version="1.0" encoding="utf-8"?>
2<manifest xmlns:android="http://schemas.android.com/apk/res/android"
3    package="veg.mediacapture.sdk.servicetest"
4    android:versionCode="1"
5    android:versionName="1.0" >
6
7    <uses-sdk
8        android:minSdkVersion="17"
8-->src/main/AndroidManifest.xml
9        android:targetSdkVersion="29" />
9-->src/main/AndroidManifest.xml
10
11    <uses-feature android:name="android.hardware.camera" />
11-->src/main/AndroidManifest.xml:5:5-60
11-->src/main/AndroidManifest.xml:5:19-57
12    <uses-feature android:name="android.hardware.camera.autofocus" />
12-->src/main/AndroidManifest.xml:6:5-70
12-->src/main/AndroidManifest.xml:6:19-67
13
14    <uses-permission
14-->src/main/AndroidManifest.xml:8:5-65
15        android:name="android.permission.CAMERA"
15-->src/main/AndroidManifest.xml:8:22-62
16        android:required="false" />
16-->[com.vxg.mediasdk:encodersdk:6.12.20201203] AndroidManifest.xml:26:9-33
17    <uses-permission android:name="android.permission.RECORD_AUDIO" />
17-->src/main/AndroidManifest.xml:9:5-71
17-->src/main/AndroidManifest.xml:9:22-68
18    <uses-permission android:name="android.permission.CHANGE_NETWORK_STATE" />
18-->src/main/AndroidManifest.xml:11:5-79
18-->src/main/AndroidManifest.xml:11:22-76
19    <uses-permission android:name="android.permission.INTERNET" />
19-->src/main/AndroidManifest.xml:12:5-67
19-->src/main/AndroidManifest.xml:12:22-64
20    <uses-permission android:name="android.permission.CHANGE_WIFI_MULTICAST_STATE" />
20-->src/main/AndroidManifest.xml:13:5-86
20-->src/main/AndroidManifest.xml:13:22-83
21    <uses-permission android:name="android.permission.WRITE_EXTERNAL_STORAGE" />
21-->src/main/AndroidManifest.xml:14:5-81
21-->src/main/AndroidManifest.xml:14:22-78
22    <uses-permission android:name="android.permission.READ_EXTERNAL_STORAGE" />
22-->src/main/AndroidManifest.xml:15:5-80
22-->src/main/AndroidManifest.xml:15:22-77
23    <uses-permission android:name="android.permission.ACCESS_NETWORK_STATE" />
23-->src/main/AndroidManifest.xml:16:5-79
23-->src/main/AndroidManifest.xml:16:22-76
24    <uses-permission android:name="android.permission.FOREGROUND_SERVICE" />
24-->src/main/AndroidManifest.xml:17:5-77
24-->src/main/AndroidManifest.xml:17:22-74
25    <uses-permission android:name="android.permission.WAKE_LOCK" />
25-->[com.vxg.mediasdk:encodersdk:6.12.20201203] AndroidManifest.xml:15:5-68
25-->[com.vxg.mediasdk:encodersdk:6.12.20201203] AndroidManifest.xml:15:22-65
26
27    <application
27-->src/main/AndroidManifest.xml:19:5-41:19
28        android:allowBackup="true"
28-->src/main/AndroidManifest.xml:20:9-35
29        android:appComponentFactory="androidx.core.app.CoreComponentFactory"
29-->[androidx.core:core:1.1.0] AndroidManifest.xml:24:18-86
30        android:debuggable="true"
31        android:hardwareAccelerated="true"
31-->[com.vxg.mediasdk:encodersdk:6.12.20201203] AndroidManifest.xml:29:9-43
32        android:icon="@mipmap/ic_launcher"
32-->src/main/AndroidManifest.xml:21:9-43
33        android:label="@string/app_name"
33-->src/main/AndroidManifest.xml:22:9-41
34        android:largeHeap="true"
34-->[com.vxg.mediasdk:encodersdk:6.12.20201203] AndroidManifest.xml:30:9-33
35        android:requestLegacyExternalStorage="true"
35-->src/main/AndroidManifest.xml:26:9-52
36        android:roundIcon="@mipmap/ic_launcher_round"
36-->src/main/AndroidManifest.xml:23:9-54
37        android:supportsRtl="true"
37-->src/main/AndroidManifest.xml:24:9-35
38        android:testOnly="true"
39        android:theme="@style/AppTheme" >
39-->src/main/AndroidManifest.xml:25:9-40
40        <activity android:name="veg.mediacapture.sdk.servicetest.MainActivity" >
40-->src/main/AndroidManifest.xml:27:9-33:20
40-->src/main/AndroidManifest.xml:27:19-47
41            <intent-filter>
41-->src/main/AndroidManifest.xml:28:13-32:29
42                <action android:name="android.intent.action.MAIN" />
42-->src/main/AndroidManifest.xml:29:17-69
42-->src/main/AndroidManifest.xml:29:25-66
43
44                <category android:name="android.intent.category.LAUNCHER" />
44-->src/main/AndroidManifest.xml:31:17-77
44-->src/main/AndroidManifest.xml:31:27-74
45            </intent-filter>
46        </activity>
47
48        <service
48-->src/main/AndroidManifest.xml:35:9-40:19
49            android:name="veg.mediacapture.sdk.servicetest.MediaCaptureService"
49-->src/main/AndroidManifest.xml:36:13-48
50            android:enabled="true"
50-->src/main/AndroidManifest.xml:37:13-35
51            android:exported="true"
51-->src/main/AndroidManifest.xml:38:13-36
52            android:foregroundServiceType="mediaProjection" >
52-->src/main/AndroidManifest.xml:39:13-60
53        </service>
54    </application>
55
56</manifest>